[review] PR #2063 status on tinyhumansai/openhuman:
{
  "state": "OPEN",
  "mergeable": "MERGEABLE",
  "mergeStateStatus": "CLEAN",
  "reviewDecision": "APPROVED",
  "isDraft": false,
  "checks": [
    {
      "name": "PR Submission Checklist",
      "status": "COMPLETED",
      "conclusion": "FAILURE"
    },
    {
      "name": "PR Submission Checklist",
      "status": "COMPLETED",
      "conclusion": "FAILURE"
    },
    {
      "name": "PR Submission Checklist",
      "status": "COMPLETED",
      "conclusion": "CANCELLED"
    },
    {
      "name": "Invite eligible contributor",
      "status": "COMPLETED",
      "conclusion": "SKIPPED"
    },
    {
      "name": "Build Tauri App",
      "status": "COMPLETED",
      "conclusion": "SUCCESS"
    },
    {
      "name": "Frontend Coverage (Vitest)",
      "status": "COMPLETED",
      "conclusion": "SUCCESS"
    },
    {
      "name": "Build & smoke-test core image",
      "status": "COMPLETED",
      "conclusion": "SUCCESS"
    },
    {
      "name": "e2e / E2E (Linux / Appium Chromium)",
      "status": "COMPLETED",
      "conclusion": "SUCCESS"
    },
    {
      "name": "Smoke install.sh (macos-latest)",
      "status": "COMPLETED",
      "conclusion": "SUCCESS"
    },
    {
      "name": "PR Submission Checklist",
      "status": "COMPLETED",
      "conclusion": "SUCCESS"
    },
    {
      "name": "test / Frontend Unit Tests",
      "status": "COMPLETED",
      "conclusion": "SUCCESS"
    },
    {
      "name": "Type Check TypeScript",
      "status": "COMPLETED",
      "conclusion": "SUCCESS"
    },
    {
      "name": "Smoke install.sh (ubuntu-22.04)",
      "status": "COMPLETED",
      "conclusion": "SUCCESS"
    },
    {
      "name": "Coverage Matrix Sync",
      "status": "COMPLETED",
      "conclusion": "CANCELLED"
    },
    {
      "name": "Rust Core Coverage (cargo-llvm-cov)",
      "status": "COMPLETED",
      "conclusion": "SUCCESS"
    },
    {
      "name": "e2e / E2E (Linux / Rust integration suite)",
      "status": "COMPLETED",
      "conclusion": "SUCCESS"
    },
    {
      "name": "install.ps1 tests + dry-run (windows-latest)",
      "status": "COMPLETED",
      "conclusion": "SUCCESS"
    },
    {
      "name": "Coverage Matrix Sync",
      "status": "COMPLETED",
      "conclusion": "SUCCESS"
    },
    {
      "name": "Coverage Matrix Sync",
      "status": "COMPLETED",
      "conclusion": "SUCCESS"
    },
    {
      "name": "Coverage Matrix Sync",
      "status": "COMPLETED",
      "conclusion": "SUCCESS"
    },
    {
      "name": "test / Rust Core Tests + Quality",
      "status": "COMPLETED",
      "conclusion": "SUCCESS"
    },
    {
      "name": "Rust Quality (fmt + clippy)",
      "status": "COMPLETED",
      "conclusion": "SUCCESS"
    },
    {
      "name": "Markdown Link Check",
      "status": "COMPLETED",
      "conclusion": "CANCELLED"
    },
    {
      "name": "e2e / E2E (macOS / Appium Chromium)",
      "status": "COMPLETED",
      "conclusion": "SKIPPED"
    },
    {
      "name": "Rust Tauri Coverage (cargo-llvm-cov)",
      "status": "COMPLETED",
      "conclusion": "SUCCESS"
    },
    {
      "name": "Markdown Link Check",
      "status": "COMPLETED",
      "conclusion": "SUCCESS"
    },
    {
      "name": "Markdown Link Check",
      "status": "COMPLETED",
      "conclusion": "SUCCESS"
    },
    {
      "name": "Markdown Link Check",
      "status": "COMPLETED",
      "conclusion": "SUCCESS"
    },
    {
      "name": "test / Rust Tauri Shell Tests",
      "status": "COMPLETED",
      "conclusion": "SUCCESS"
    },
    {
      "name": "e2e / E2E (Windows / Appium Chromium)",
      "status": "COMPLETED",
      "conclusion": "SKIPPED"
    },
    {
      "name": "Coverage Gate (diff-cover ≥ 80%)",
      "status": "COMPLETED",
      "conclusion": "SUCCESS"
    },
    {
      "name": "CodeRabbit",
      "status": null,
      "conclusion": null
    }
  ]
}
[PASS] PR is not a draft
[FAIL] CI checks not all green:
    PR Submission Checklist: status=COMPLETED, conclusion=FAILURE
    PR Submission Checklist: status=COMPLETED, conclusion=FAILURE
    PR Submission Checklist: status=COMPLETED, conclusion=CANCELLED
    Coverage Matrix Sync: status=COMPLETED, conclusion=CANCELLED
    Markdown Link Check: status=COMPLETED, conclusion=CANCELLED
[PASS] No merge conflicts
[PASS] All review threads resolved
[PASS] Has at least one approval
[PASS] No pending change requests
[FAIL] Coverage gate: CANCELLED
[PASS] PR description has required sections

[INFO] 6/8 checks passed
[FAIL] Refusing to merge. Re-run with --force to override.
