=== Reviewing PR #2214 ===
REVIEW_STARTED=2026-05-19T15:45:19Z

[Phase A] Gathering intelligence...
Intelligence gathering complete. Context file written to `/Users/cyrus/Desktop/automation/review-pr/tinyhumansai-openhuman/.context-PR-2214.md`.

**Key findings for Phase B**:
- **Fresh review**, single commit, well-scoped bug fix (3 files, +83/-4 lines)
- **Strong issue alignment** — implements fixes 1 and 2 from issue #2205, skips optional fix 3 (config option)
- **CodeRabbit approved with no findings** — full independent review needed
- **One notable concern**: The `chat_with_history` error site (line ~1406) wraps the error differently — uses `{err:#}` to flatten the anyhow chain then re-wraps with `anyhow::anyhow!`, losing the original error chain structure. The other two sites preserve it. Minor inconsistency worth flagging.
- **Tests are solid** — 2 unit tests covering the flag contract and all enrichment branches (404/non-404, fallback on/off)
- No dependency, signature, or export changes

[Phase B] Deep review + posting...
PR #2214: fresh, 0 critical, 0 major, 1 minor, 0 threads resolved, 0 still open → moved to to-be-approved
REVIEW_ENDED=2026-05-19T15:50:16Z

[Git] Committing and pushing review outputs...
[main 5dd4649] Review PR #2214
 2 files changed, 30 insertions(+), 279 deletions(-)
 delete mode 100644 tinyhumansai-openhuman/.context-PR-2214.md
 create mode 100644 to-be-approved/PR-2214.md
From github.com:graycyrus/automation-review-pr
 * branch            main       -> FETCH_HEAD
Current branch main is up to date.
To github.com:graycyrus/automation-review-pr.git
   b34b935..5dd4649  main -> main

=== Done ===
