=== Reviewing PR #2120 ===
REVIEW_STARTED=2026-05-19T06:49:31Z

[Phase A] Gathering intelligence...
Phase A complete. Context file written to `/Users/cyrus/Desktop/automation/review-pr/tinyhumansai-openhuman/.context-PR-2120.md`.

**Summary of findings:**
- **1 file changed**: `src/core/jsonrpc.rs` (+38/-30) — pure control-flow restructure
- **Single commit**, well-scoped fix for Sentry OPENHUMAN-CORE-48
- **The fix is correct**: removes dangerous `Default::default()` fallback that silently caused data integrity issues (chunk loss / cross-workspace bleed). The "uninitialised" state is an explicitly designed mode of the memory singleton — callers already handle it via `client_if_ready()`.
- **No prior reviews from graycyrus** — CodeRabbit approved with no comments
- **No test concerns** — boot glue with process-global singletons, no clean unit seam; success path unchanged
- **No dependency, signature, or API changes**

[Phase B] Deep review + posting...
PR #2120: fresh, 0 critical, 0 major, 0 minor, 0 threads resolved, 0 still open → moved to to-be-approved
REVIEW_ENDED=2026-05-19T06:53:12Z

[Git] Committing and pushing review outputs...
[main a86c34d] Review PR #2120
 1 file changed, 30 insertions(+)
 create mode 100644 to-be-approved/PR-2120.md
Current branch main is up to date.

=== Done ===
From github.com:graycyrus/automation-review-pr
 * branch            main       -> FETCH_HEAD
To github.com:graycyrus/automation-review-pr.git
   890d229..a86c34d  main -> main
