=== Reviewing PR #2221 ===
REVIEW_STARTED=2026-05-19T15:34:28Z

[Phase A] Gathering intelligence...
Phase A complete. Intelligence context written to `/Users/cyrus/Desktop/automation/review-pr/tinyhumansai-openhuman/.context-PR-2221.md`.

**Summary of findings:**
- **Clean, focused fix** — 3 files, +18/-9 lines, threads `temperature_unsupported_models` config into local routing provider
- **Well-documented** — excellent PR description with problem/solution/impact analysis
- **No blocking issues** — code mirrors the existing remote factory pattern exactly
- **CodeRabbit approved** with no findings
- **No prior reviews** from `graycyrus` or human reviewers
- **Minor notes**: commit messages use `feat`/`refactor` but PR is really a `fix`; no end-to-end integration test for the new wiring (author acknowledges, low risk given the simplicity)
- **All callers updated** — single in-tree caller + test helper both accounted for

[Phase B] Deep review + posting...
PR #2221: fresh, 0 critical, 0 major, 2 minor, 0 threads resolved, 0 still open → moved to to-be-approved
REVIEW_ENDED=2026-05-19T15:39:24Z

[Git] Committing and pushing review outputs...
[main 2a34cf6] Review PR #2221
 4 files changed, 588 insertions(+), 90 deletions(-)
 create mode 100644 tinyhumansai-openhuman/.context-PR-2145.md
 delete mode 100644 tinyhumansai-openhuman/PR-2145.md
 delete mode 100644 to-be-approved/PR-2173.md
 create mode 100644 to-be-approved/PR-2221.md
From github.com:graycyrus/automation-review-pr
 * branch            main       -> FETCH_HEAD
Current branch main is up to date.
To github.com:graycyrus/automation-review-pr.git
   0a5d049..2a34cf6  main -> main

=== Done ===
