=== Reviewing PR #2122 ===
REVIEW_STARTED=2026-05-19T06:49:31Z

[Phase A] Gathering intelligence...
Intelligence context file written to `/Users/cyrus/Desktop/automation/review-pr/tinyhumansai-openhuman/.context-PR-2122.md`.

**Summary of key findings:**
- **Fresh review** — no prior tracking file
- **12 files, +666 -17** — well-structured across 4 commits
- **No linked issue** (author says "issue-less per maintainer request")
- **CodeRabbit's one actionable finding** (`.find()` → `.max()` fallback) was already fixed in commit d0599907, thread resolved
- **CodeRabbit i18n nitpick** acknowledged/deferred by author
- **14 new tests** (10 Rust + 4 Vitest) with good coverage of happy/failure/edge/backward-compat paths
- **All changes are additive** — frontend types use optional fields for backward compatibility
- **No new dependencies**, no schema migrations, diagnostics-path only (no hot-path impact)
- **Pattern deviations to flag in review**: badge text hardcoded in English (sibling components use `useT()`), and `model_requirements` module is `pub` while siblings are `pub(crate)` or `mod`

[Phase B] Deep review + posting...
PR #2122: fresh, 0 critical, 0 major, 2 minor, 0 threads resolved, 0 still open → moved to to-be-approved
REVIEW_ENDED=2026-05-19T06:58:54Z

[Git] Committing and pushing review outputs...
[main e924e83] Review PR #2122
 1 file changed, 31 insertions(+)
 create mode 100644 to-be-approved/PR-2122.md
Current branch main is up to date.

=== Done ===
From github.com:graycyrus/automation-review-pr
 * branch            main       -> FETCH_HEAD
To github.com:graycyrus/automation-review-pr.git
   a86c34d..e924e83  main -> main
